<?xml version="1.0" encoding="UTF-8"?>
<testsuite xmlns:xsi="http://www.w3.org/2001/XMLSchema-instance" xsi:noNamespaceSchemaLocation="https://maven.apache.org/surefire/maven-surefire-plugin/xsd/surefire-test-report-3.0.xsd" version="3.0" name="edu.asu.ser516.taiga.TaigaClientTest" time="0.209" tests="13" errors="0" skipped="0" failures="0">
  <properties>
[...]
</properties>
  <testcase name="testGetStoriesHandlesPointsAsString" classname="edu.asu.ser516.taiga.TaigaClientTest" time="0.166"/>
  <testcase name="testLoginFailureBadCredentials" classname="edu.asu.ser516.taiga.TaigaClientTest" time="0.004"/>
  <testcase name="testGetSprintStartDate" classname="edu.asu.ser516.taiga.TaigaClientTest" time="0.003"/>
  <testcase name="testGetStoriesForSprintEmpty" classname="edu.asu.ser516.taiga.TaigaClientTest" time="0.003"/>
  <testcase name="testGetSprintServerError" classname="edu.asu.ser516.taiga.TaigaClientTest" time="0.002"/>
  <testcase name="testLoginSuccess" classname="edu.asu.ser516.taiga.TaigaClientTest" time="0.002"/>
  <testcase name="testGetStoriesForSprintHttpError" classname="edu.asu.ser516.taiga.TaigaClientTest" time="0.002"/>
  <testcase name="testGetSprintNotFound" classname="edu.asu.ser516.taiga.TaigaClientTest" time="0.002"/>
  <testcase name="testGetSprintStartDateMissingField" classname="edu.asu.ser516.taiga.TaigaClientTest" time="0.002"/>
  <testcase name="testGetSprintEndDate" classname="edu.asu.ser516.taiga.TaigaClientTest" time="0.002"/>
  <testcase name="testGetStoriesForSprintHappyPath" classname="edu.asu.ser516.taiga.TaigaClientTest" time="0.002"/>
  <testcase name="testGetStoriesHandlesNullTotalPoints" classname="edu.asu.ser516.taiga.TaigaClientTest" time="0.002"/>
  <testcase name="testLoginFailureServerError" classname="edu.asu.ser516.taiga.TaigaClientTest" time="0.001"/>
</testsuite>