<?xml version="1.0" encoding="UTF-8"?>
<testsuite xmlns:xsi="http://www.w3.org/2001/XMLSchema-instance" xsi:noNamespaceSchemaLocation="https://maven.apache.org/surefire/maven-surefire-plugin/xsd/surefire-test-report-3.0.xsd" version="3.0" name="edu.asu.ser516.taiga.AucComputerTest" time="0.017" tests="4" errors="0" skipped="0" failures="0">
  <properties>
[...]
</properties>
  <testcase name="endLoadedBurnProducesHigherAucWorkThanIdeal" classname="edu.asu.ser516.taiga.AucComputerTest" time="0.007"/>
  <testcase name="singleDaySprintHandledGracefully" classname="edu.asu.ser516.taiga.AucComputerTest" time="0.001"/>
  <testcase name="frontLoadedBurnProducesLowerAucWorkThanIdeal" classname="edu.asu.ser516.taiga.AucComputerTest" time="0.001"/>
  <testcase name="flatBurnEqualsIdealWhenLinear" classname="edu.asu.ser516.taiga.AucComputerTest" time="0.001"/>
</testsuite>